[LOG] System::create                           : Header version = 1.09.01. Current version = 1.09.01.
[LOG] Manager::init                            : maxchannels = 256 studioflags = 00000006 flags 00000000 extradriverdata 0000000000000000.
[LOG] SystemI::init                            : FMOD Studio Version: 00010901 (84161)
[LOG] SystemI::init                            : maxchannels = 256, flags = 00020000, extradriverdata = 0000000000000000
[LOG] SystemI::setOutputInternal               : Setting output to type 0
[LOG] SystemI::setOutputInternal               : Setting output to type 8
[LOG] SystemI::setOutputInternal               : Setting output to type 8
[LOG] OutputWASAPI::init                       : Mix Format (WAVEFORMATEX): wFormatTag=0xFFFE, nChannels=2, nSamplesPerSec=44100, nAvgBytesPerSec=352800, nBlockAlign=8, wBitsPerSample=32, cbSize=22.
[LOG] OutputWASAPI::init                       : Mix Format (WAVEFORMATEXTENSIBLE): wValidBitsPerSample=32, dwChannelMask=0x00000003, SubFormat=00000003-0000-0010-8000-00AA00389B71.
[LOG] OutputWASAPI::init                       : Output buffer size: 3760 samples, latency: 0.00ms, period: 10.16ms, DSP buffer: 1024 * 4
[WRN] SystemI::init                            : Output requires a sample rate of 44100Hz, resampling will occur.
[LOG] SystemI::init                            : Create master channel group and master sound group.
[LOG] SystemI::init                            : Set up emulated output.  256 channels
[LOG] SystemI::init                            : create the channel pool
[LOG] SystemI::init                            : create the stream thread
[LOG] Thread::initThread                       : Init FMOD stream thread. Priority: 2, Stack Size: 65536, Semaphore: No, Sleep Time: 10, Looping: Yes.
[LOG] Thread::initThread                       : Init FMOD mixer thread. Priority: 3, Stack Size: 49152, Semaphore: No, Sleep Time: 0, Looping: Yes.
[LOG] AsyncManager::init                       : manager 000000002E0D11C8 isAsync 0 updatePeriod 0.02
[LOG] AsyncManager::init                       : done
[LOG] PlaybackSystem::init                     : 
[LOG] Thread::initThread                       : Init FMOD Studio sample load thread. Priority: 0, Stack Size: 65536, Semaphore: No, Sleep Time: 1, Looping: No.
[LOG] PlaybackSystem::init                     : done
[LOG] Thread::initThread                       : Init FMOD Studio bank load thread. Priority: 0, Stack Size: 65536, Semaphore: No, Sleep Time: 1, Looping: No.
[LOG] Manager::init                            : done.
[LOG] Manager::readBank                        : fileversion = 88, compatVersion = 86 (oldest = 44, newest = 88)
[LOG] PlaybackSystem::acquireMasterBus         : Setting master channel group format to 6
[LOG] SystemI::createSoundInternal             : filename =  : mode 02000202
[LOG] SystemI::createSoundInternal             : exinfo->cbsize             = 232
[LOG] SystemI::createSoundInternal             : exinfo->length             = 169088
[LOG] SystemI::createSoundInternal             : exinfo->fileoffset         = 31136
[LOG] SystemI::createSoundInternal             : exinfo->numsubsounds       = 1
[LOG] SystemI::createSoundInternal             : exinfo->inclusionlist      = 00000000371DFAF8
[LOG] SystemI::createSoundInternal             : exinfo->inclusionlistnum   = 1
[LOG] SystemI::createSoundInternal             : exinfo->suggestedsoundtype = 5
[LOG] SystemI::createSoundInternal             : exinfo->useropen           = 00007FFD10ED6AA0
[LOG] SystemI::createSoundInternal             : exinfo->userclose          = 00007FFD10ED6A70
[LOG] SystemI::createSoundInternal             : exinfo->userread           = 00007FFD10ED6B70
[LOG] SystemI::createSoundInternal             : exinfo->userseek           = 00007FFD10ED6C20
[LOG] SystemI::createSoundInternal             : exinfo->fileuserdata       = 000000002B50F978
[LOG] SystemI::createSoundInternal             : exinfo->initialseekpostype = 1
[LOG] SystemI::DSPCodecPoolRegister            : register codec pool for pool type 5
[LOG] SystemI::createSoundInternal             : Format has 1 subsounds.
[LOG] SystemI::createSoundInternal             : Create as FMOD_CREATESAMPLE
[LOG] SystemI::createSoundInternal             : Multi-sample sound (1 subsounds), create a sample container.
[LOG] SystemI::createSoundInternal             : creating subsound 0/1
[LOG] SystemI::createSample                    : mode 02000202 length 149211 samples, lengthbytes 9280
[LOG] SystemI::createSample                    : channels = 2
[LOG] SystemI::createSample                    : output = 000000002B4D8278
[LOG] OutputSoftware::createSample             : lengthpcm 149211, lengthbytes 9280, channels 2, format 2, freq 48000, mode 0200020a
[LOG] SystemI::createSoundInternal             : No name found in file, use filename.
[LOG] SystemI::createSoundInternal             : done.  OpenState now = FMOD_OPENSTATE_READY.

[LOG] SystemI::createSoundInternal             : filename =  : mode 02000202
[LOG] SystemI::createSoundInternal             : exinfo->cbsize             = 232
[LOG] SystemI::createSoundInternal             : exinfo->length             = 169088
[LOG] SystemI::createSoundInternal             : exinfo->fileoffset         = 31136
[LOG] SystemI::createSoundInternal             : exinfo->numsubsounds       = 1
[LOG] SystemI::createSoundInternal             : exinfo->inclusionlist      = 00000000371DFAF8
[LOG] SystemI::createSoundInternal             : exinfo->inclusionlistnum   = 1
[LOG] SystemI::createSoundInternal             : exinfo->suggestedsoundtype = 5
[LOG] SystemI::createSoundInternal             : exinfo->useropen           = 00007FFD10ED6AA0
[LOG] SystemI::createSoundInternal             : exinfo->userclose          = 00007FFD10ED6A70
[LOG] SystemI::createSoundInternal             : exinfo->userread           = 00007FFD10ED6B70
[LOG] SystemI::createSoundInternal             : exinfo->userseek           = 00007FFD10ED6C20
[LOG] SystemI::createSoundInternal             : exinfo->fileuserdata       = 000000002B50F978
[LOG] SystemI::createSoundInternal             : exinfo->initialseekpostype = 1
[LOG] SystemI::DSPCodecPoolRegister            : register codec pool for pool type 5
[LOG] SystemI::createSoundInternal             : Format has 1 subsounds.
[LOG] SystemI::createSoundInternal             : Create as FMOD_CREATESAMPLE
[LOG] SystemI::createSoundInternal             : Multi-sample sound (1 subsounds), create a sample container.
[LOG] SystemI::createSoundInternal             : creating subsound 0/1
[LOG] SystemI::createSample                    : mode 02000202 length 149211 samples, lengthbytes 9408
[LOG] SystemI::createSample                    : channels = 2
[LOG] SystemI::createSample                    : output = 000000002B4D8278
[LOG] OutputSoftware::createSample             : lengthpcm 149211, lengthbytes 9408, channels 2, format 2, freq 48000, mode 0200020a
[LOG] SystemI::createSoundInternal             : No name found in file, use filename.
[LOG] SystemI::createSoundInternal             : done.  OpenState now = FMOD_OPENSTATE_READY.

[LOG] SystemI::createSoundInternal             : filename =  : mode 02000202
[LOG] SystemI::createSoundInternal             : exinfo->cbsize             = 232
[LOG] SystemI::createSoundInternal             : exinfo->length             = 169088
[LOG] SystemI::createSoundInternal             : exinfo->fileoffset         = 31136
[LOG] SystemI::createSoundInternal             : exinfo->numsubsounds       = 1
[LOG] SystemI::createSoundInternal             : exinfo->inclusionlist      = 00000000371DFAF8
[LOG] SystemI::createSoundInternal             : exinfo->inclusionlistnum   = 1
[LOG] SystemI::createSoundInternal             : exinfo->suggestedsoundtype = 5
[LOG] SystemI::createSoundInternal             : exinfo->useropen           = 00007FFD10ED6AA0
[LOG] SystemI::createSoundInternal             : exinfo->userclose          = 00007FFD10ED6A70
[LOG] SystemI::createSoundInternal             : exinfo->userread           = 00007FFD10ED6B70
[LOG] SystemI::createSoundInternal             : exinfo->userseek           = 00007FFD10ED6C20
[LOG] SystemI::createSoundInternal             : exinfo->fileuserdata       = 000000002B50F978
[LOG] SystemI::createSoundInternal             : exinfo->initialseekpostype = 1
[LOG] SystemI::DSPCodecPoolRegister            : register codec pool for pool type 5
[LOG] SystemI::createSoundInternal             : Format has 1 subsounds.
[LOG] SystemI::createSoundInternal             : Create as FMOD_CREATESAMPLE
[LOG] SystemI::createSoundInternal             : Multi-sample sound (1 subsounds), create a sample container.
[LOG] SystemI::createSoundInternal             : creating subsound 0/1
[LOG] SystemI::createSample                    : mode 02000202 length 149211 samples, lengthbytes 9184
[LOG] SystemI::createSample                    : channels = 2
[LOG] SystemI::createSample                    : output = 000000002B4D8278
[LOG] OutputSoftware::createSample             : lengthpcm 149211, lengthbytes 9184, channels 2, format 2, freq 48000, mode 0200020a
[LOG] SystemI::createSoundInternal             : No name found in file, use filename.
[LOG] SystemI::createSoundInternal             : done.  OpenState now = FMOD_OPENSTATE_READY.

[LOG] SystemI::createSoundInternal             : filename =  : mode 02000202
[LOG] SystemI::createSoundInternal             : exinfo->cbsize             = 232
[LOG] SystemI::createSoundInternal             : exinfo->length             = 169088
[LOG] SystemI::createSoundInternal             : exinfo->fileoffset         = 31136
[LOG] SystemI::createSoundInternal             : exinfo->numsubsounds       = 1
[LOG] SystemI::createSoundInternal             : exinfo->inclusionlist      = 00000000371DFAF8
[LOG] SystemI::createSoundInternal             : exinfo->inclusionlistnum   = 1
[LOG] SystemI::createSoundInternal             : exinfo->suggestedsoundtype = 5
[LOG] SystemI::createSoundInternal             : exinfo->useropen           = 00007FFD10ED6AA0
[LOG] SystemI::createSoundInternal             : exinfo->userclose          = 00007FFD10ED6A70
[LOG] SystemI::createSoundInternal             : exinfo->userread           = 00007FFD10ED6B70
[LOG] SystemI::createSoundInternal             : exinfo->userseek           = 00007FFD10ED6C20
[LOG] SystemI::createSoundInternal             : exinfo->fileuserdata       = 000000002B50F978
[LOG] SystemI::createSoundInternal             : exinfo->initialseekpostype = 1
[LOG] SystemI::DSPCodecPoolRegister            : register codec pool for pool type 5
[LOG] SystemI::createSoundInternal             : Format has 1 subsounds.
[LOG] SystemI::createSoundInternal             : Create as FMOD_CREATESAMPLE
[LOG] SystemI::createSoundInternal             : Multi-sample sound (1 subsounds), create a sample container.
[LOG] SystemI::createSoundInternal             : creating subsound 0/1
[LOG] SystemI::createSample                    : mode 02000202 length 149211 samples, lengthbytes 9632
[LOG] SystemI::createSample                    : channels = 2
[LOG] SystemI::createSample                    : output = 000000002B4D8278
[LOG] OutputSoftware::createSample             : lengthpcm 149211, lengthbytes 9632, channels 2, format 2, freq 48000, mode 0200020a
[LOG] SystemI::createSoundInternal             : No name found in file, use filename.
[LOG] SystemI::createSoundInternal             : done.  OpenState now = FMOD_OPENSTATE_READY.

[LOG] SoundI::release                          :  (0000000010E5C198)
[LOG] SoundI::release                          : release subsounds. (0000000010E5C198)
[LOG] SoundI::release                          :     FS Gravel (000000001AFE7088)
[LOG] SoundI::release                          :     done
[LOG] SoundI::release                          : release codec. (0000000010E5C198)
[LOG] SoundI::release                          : done
[LOG] SoundI::release                          :  (0000000010E5C478)
[LOG] SoundI::release                          : release subsounds. (0000000010E5C478)
[LOG] SoundI::release                          :     FS Wood (000000001AFE8748)
[LOG] SoundI::release                          :     done
[LOG] SoundI::release                          : release codec. (0000000010E5C478)
[LOG] SoundI::release                          : done
[LOG] SoundI::release                          :  (0000000010E5CA38)
[LOG] SoundI::release                          : release subsounds. (0000000010E5CA38)
[LOG] SoundI::release                          :     FS Carpet (000000001AFE7228)
[LOG] SoundI::release                          :     done
[LOG] SoundI::release                          : release codec. (0000000010E5CA38)
[LOG] SoundI::release                          : done
[LOG] SoundI::release                          :  (0000000010E5C028)
[LOG] SoundI::release                          : release subsounds. (0000000010E5C028)
[LOG] SoundI::release                          :     FS Concrete (000000001AFE88E8)
[LOG] SoundI::release                          :     done
[LOG] SoundI::release                          : release codec. (0000000010E5C028)
[LOG] SoundI::release                          : done
