[LOG] Manager::init                            : maxchannels = 1024 studioflags = 00000009 flags 00000000 extradriverdata 0000000000000000.
[LOG] SystemI::init                            : FMOD Studio Version: 00010901 (84161)
[LOG] SystemI::init                            : maxchannels = 1024, flags = 00030000, extradriverdata = 0000000000000000
[LOG] SystemI::setOutputInternal               : Setting output to type 0
[LOG] SystemI::setOutputInternal               : Setting output to type 8
[LOG] SystemI::setOutputInternal               : Setting output to type 8
[LOG] OutputWASAPI::init                       : Mix Format (WAVEFORMATEX): wFormatTag=0xFFFE, nChannels=2, nSamplesPerSec=44100, nAvgBytesPerSec=352800, nBlockAlign=8, wBitsPerSample=32, cbSize=22.
[LOG] OutputWASAPI::init                       : Mix Format (WAVEFORMATEXTENSIBLE): wValidBitsPerSample=32, dwChannelMask=0x00000003, SubFormat=00000003-0000-0010-8000-00AA00389B71.
[LOG] OutputWASAPI::init                       : Output buffer size: 3760 samples, latency: 0.00ms, period: 10.16ms, DSP buffer: 1024 * 4
[WRN] SystemI::init                            : Output requires a sample rate of 44100Hz, resampling will occur.
[LOG] SystemI::init                            : Create master channel group and master sound group.
[LOG] SystemI::init                            : Set up emulated output.  1024 channels
[LOG] SystemI::init                            : create the channel pool
[LOG] SystemI::init                            : create the stream thread
[LOG] Thread::initThread                       : Init FMOD stream thread. Priority: 2, Stack Size: 65536, Semaphore: No, Sleep Time: 10, Looping: Yes.
[LOG] SystemI::DSPCodecPoolRegister            : register codec pool for pool type 5
[LOG] Thread::initThread                       : Init FMOD mixer thread. Priority: 3, Stack Size: 49152, Semaphore: No, Sleep Time: 0, Looping: Yes.
[LOG] AsyncManager::init                       : manager 0000000010DCE598 isAsync 1 updatePeriod 0.02
[LOG] Thread::initThread                       : Init FMOD Studio update thread. Priority: 0, Stack Size: 65536, Semaphore: No, Sleep Time: 1, Looping: No.
[LOG] AsyncManager::init                       : done
[LOG] PlaybackSystem::init                     : 
[LOG] Thread::initThread                       : Init FMOD Studio sample load thread. Priority: 0, Stack Size: 65536, Semaphore: No, Sleep Time: 1, Looping: No.
[LOG] PlaybackSystem::init                     : done
[LOG] LiveUpdate::init                         : 
[LOG] Thread::initThread                       : Init FMOD Studio bank load thread. Priority: 0, Stack Size: 65536, Semaphore: No, Sleep Time: 1, Looping: No.
[LOG] Manager::init                            : done.
[LOG] Profile::init                            : Profiler listening on port: 9264
[LOG] Manager::readBank                        : fileversion = 88, compatVersion = 86 (oldest = 44, newest = 88)
[LOG] Manager::readBank                        : fileversion = 88, compatVersion = 86 (oldest = 44, newest = 88)
[LOG] PlaybackSystem::acquireMasterBus         : Setting master channel group format to 6
[ERR] assert                                   : assertion: 'listener >= 0 && listener < numlisteners' failed
[LOG] SystemI::createSoundInternal             : filename =  : mode 02000202
[LOG] SystemI::createSoundInternal             : exinfo->cbsize             = 232
[LOG] SystemI::createSoundInternal             : exinfo->length             = 140224
[LOG] SystemI::createSoundInternal             : exinfo->fileoffset         = 33312
[LOG] SystemI::createSoundInternal             : exinfo->numsubsounds       = 1
[LOG] SystemI::createSoundInternal             : exinfo->inclusionlist      = 000000004C61FAF8
[LOG] SystemI::createSoundInternal             : exinfo->inclusionlistnum   = 1
[LOG] SystemI::createSoundInternal             : exinfo->suggestedsoundtype = 5
[LOG] SystemI::createSoundInternal             : exinfo->useropen           = 00007FFD267D6AA0
[LOG] SystemI::createSoundInternal             : exinfo->userclose          = 00007FFD267D6A70
[LOG] SystemI::createSoundInternal             : exinfo->userread           = 00007FFD267D6B70
[LOG] SystemI::createSoundInternal             : exinfo->userseek           = 00007FFD267D6C20
[LOG] SystemI::createSoundInternal             : exinfo->fileuserdata       = 000000000D9A5C88
[LOG] SystemI::createSoundInternal             : exinfo->initialseekpostype = 1
[LOG] SystemI::DSPCodecPoolRegister            : register codec pool for pool type 5
[LOG] SystemI::createSoundInternal             : Format has 1 subsounds.
[LOG] SystemI::createSoundInternal             : Create as FMOD_CREATESAMPLE
[LOG] SystemI::createSoundInternal             : Multi-sample sound (1 subsounds), create a sample container.
[LOG] SystemI::createSoundInternal             : creating subsound 0/1
[LOG] SystemI::createSample                    : mode 02000202 length 149211 samples, lengthbytes 12000
[LOG] SystemI::createSample                    : channels = 2
[LOG] SystemI::createSample                    : output = 000000002B5853E8
[LOG] OutputSoftware::createSample             : lengthpcm 149211, lengthbytes 12000, channels 2, format 2, freq 48000, mode 0200020a
[LOG] SystemI::createSoundInternal             : No name found in file, use filename.
[LOG] SystemI::createSoundInternal             : done.  OpenState now = FMOD_OPENSTATE_READY.

[LOG] SystemI::createSoundInternal             : filename =  : mode 02000202
[LOG] SystemI::createSoundInternal             : exinfo->cbsize             = 232
[LOG] SystemI::createSoundInternal             : exinfo->length             = 140224
[LOG] SystemI::createSoundInternal             : exinfo->fileoffset         = 33312
[LOG] SystemI::createSoundInternal             : exinfo->numsubsounds       = 1
[LOG] SystemI::createSoundInternal             : exinfo->inclusionlist      = 000000004C61FAF8
[LOG] SystemI::createSoundInternal             : exinfo->inclusionlistnum   = 1
[LOG] SystemI::createSoundInternal             : exinfo->suggestedsoundtype = 5
[LOG] SystemI::createSoundInternal             : exinfo->useropen           = 00007FFD267D6AA0
[LOG] SystemI::createSoundInternal             : exinfo->userclose          = 00007FFD267D6A70
[LOG] SystemI::createSoundInternal             : exinfo->userread           = 00007FFD267D6B70
[LOG] SystemI::createSoundInternal             : exinfo->userseek           = 00007FFD267D6C20
[LOG] SystemI::createSoundInternal             : exinfo->fileuserdata       = 000000000D9A5C88
[LOG] SystemI::createSoundInternal             : exinfo->initialseekpostype = 1
[LOG] SystemI::DSPCodecPoolRegister            : register codec pool for pool type 5
[LOG] SystemI::createSoundInternal             : Format has 1 subsounds.
[LOG] SystemI::createSoundInternal             : Create as FMOD_CREATESAMPLE
[LOG] SystemI::createSoundInternal             : Multi-sample sound (1 subsounds), create a sample container.
[LOG] SystemI::createSoundInternal             : creating subsound 0/1
[LOG] SystemI::createSample                    : mode 02000202 length 149211 samples, lengthbytes 14336
[LOG] SystemI::createSample                    : channels = 2
[LOG] SystemI::createSample                    : output = 000000002B5853E8
[LOG] OutputSoftware::createSample             : lengthpcm 149211, lengthbytes 14336, channels 2, format 2, freq 48000, mode 0200020a
[LOG] SystemI::createSoundInternal             : No name found in file, use filename.
[LOG] SystemI::createSoundInternal             : done.  OpenState now = FMOD_OPENSTATE_READY.

[LOG] SystemI::createSoundInternal             : filename =  : mode 02000202
[LOG] SystemI::createSoundInternal             : exinfo->cbsize             = 232
[LOG] SystemI::createSoundInternal             : exinfo->length             = 140224
[LOG] SystemI::createSoundInternal             : exinfo->fileoffset         = 33312
[LOG] SystemI::createSoundInternal             : exinfo->numsubsounds       = 1
[LOG] SystemI::createSoundInternal             : exinfo->inclusionlist      = 000000004C61FAF8
[LOG] SystemI::createSoundInternal             : exinfo->inclusionlistnum   = 1
[LOG] SystemI::createSoundInternal             : exinfo->suggestedsoundtype = 5
[LOG] SystemI::createSoundInternal             : exinfo->useropen           = 00007FFD267D6AA0
[LOG] SystemI::createSoundInternal             : exinfo->userclose          = 00007FFD267D6A70
[LOG] SystemI::createSoundInternal             : exinfo->userread           = 00007FFD267D6B70
[LOG] SystemI::createSoundInternal             : exinfo->userseek           = 00007FFD267D6C20
[LOG] SystemI::createSoundInternal             : exinfo->fileuserdata       = 000000000D9A5C88
[LOG] SystemI::createSoundInternal             : exinfo->initialseekpostype = 1
[LOG] SystemI::DSPCodecPoolRegister            : register codec pool for pool type 5
[LOG] SystemI::createSoundInternal             : Format has 1 subsounds.
[LOG] SystemI::createSoundInternal             : Create as FMOD_CREATESAMPLE
[LOG] SystemI::createSoundInternal             : Multi-sample sound (1 subsounds), create a sample container.
[LOG] SystemI::createSoundInternal             : creating subsound 0/1
[LOG] SystemI::createSample                    : mode 02000202 length 38870 samples, lengthbytes 2400
[LOG] SystemI::createSample                    : channels = 2
[LOG] SystemI::createSample                    : output = 000000002B5853E8
[LOG] OutputSoftware::createSample             : lengthpcm 38870, lengthbytes 2400, channels 2, format 2, freq 48000, mode 0200020a
[LOG] SystemI::createSoundInternal             : No name found in file, use filename.
[LOG] SystemI::createSoundInternal             : done.  OpenState now = FMOD_OPENSTATE_READY.

[LOG] SystemI::createSoundInternal             : filename =  : mode 02000202
[LOG] SystemI::createSoundInternal             : exinfo->cbsize             = 232
[LOG] SystemI::createSoundInternal             : exinfo->length             = 140224
[LOG] SystemI::createSoundInternal             : exinfo->fileoffset         = 33312
[LOG] SystemI::createSoundInternal             : exinfo->numsubsounds       = 1
[LOG] SystemI::createSoundInternal             : exinfo->inclusionlist      = 000000004C61FAF8
[LOG] SystemI::createSoundInternal             : exinfo->inclusionlistnum   = 1
[LOG] SystemI::createSoundInternal             : exinfo->suggestedsoundtype = 5
[LOG] SystemI::createSoundInternal             : exinfo->useropen           = 00007FFD267D6AA0
[LOG] SystemI::createSoundInternal             : exinfo->userclose          = 00007FFD267D6A70
[LOG] SystemI::createSoundInternal             : exinfo->userread           = 00007FFD267D6B70
[LOG] SystemI::createSoundInternal             : exinfo->userseek           = 00007FFD267D6C20
[LOG] SystemI::createSoundInternal             : exinfo->fileuserdata       = 000000000D9A5C88
[LOG] SystemI::createSoundInternal             : exinfo->initialseekpostype = 1
[LOG] SystemI::DSPCodecPoolRegister            : register codec pool for pool type 5
[LOG] SystemI::createSoundInternal             : Format has 1 subsounds.
[LOG] SystemI::createSoundInternal             : Create as FMOD_CREATESAMPLE
[LOG] SystemI::createSoundInternal             : Multi-sample sound (1 subsounds), create a sample container.
[LOG] SystemI::createSoundInternal             : creating subsound 0/1
[LOG] SystemI::createSample                    : mode 02000202 length 149211 samples, lengthbytes 16128
[LOG] SystemI::createSample                    : channels = 2
[LOG] SystemI::createSample                    : output = 000000002B5853E8
[LOG] OutputSoftware::createSample             : lengthpcm 149211, lengthbytes 16128, channels 2, format 2, freq 48000, mode 0200020a
[LOG] SystemI::createSoundInternal             : No name found in file, use filename.
[LOG] SystemI::createSoundInternal             : done.  OpenState now = FMOD_OPENSTATE_READY.

[LOG] SystemI::createSoundInternal             : filename =  : mode 02000202
[LOG] SystemI::createSoundInternal             : exinfo->cbsize             = 232
[LOG] SystemI::createSoundInternal             : exinfo->length             = 140224
[LOG] SystemI::createSoundInternal             : exinfo->fileoffset         = 33312
[LOG] SystemI::createSoundInternal             : exinfo->numsubsounds       = 1
[LOG] SystemI::createSoundInternal             : exinfo->inclusionlist      = 000000004C61FAF8
[LOG] SystemI::createSoundInternal             : exinfo->inclusionlistnum   = 1
[LOG] SystemI::createSoundInternal             : exinfo->suggestedsoundtype = 5
[LOG] SystemI::createSoundInternal             : exinfo->useropen           = 00007FFD267D6AA0
[LOG] SystemI::createSoundInternal             : exinfo->userclose          = 00007FFD267D6A70
[LOG] SystemI::createSoundInternal             : exinfo->userread           = 00007FFD267D6B70
[LOG] SystemI::createSoundInternal             : exinfo->userseek           = 00007FFD267D6C20
[LOG] SystemI::createSoundInternal             : exinfo->fileuserdata       = 000000000D9A5C88
[LOG] SystemI::createSoundInternal             : exinfo->initialseekpostype = 1
[LOG] SystemI::DSPCodecPoolRegister            : register codec pool for pool type 5
[LOG] SystemI::createSoundInternal             : Format has 1 subsounds.
[LOG] SystemI::createSoundInternal             : Create as FMOD_CREATESAMPLE
[LOG] SystemI::createSoundInternal             : Multi-sample sound (1 subsounds), create a sample container.
[LOG] SystemI::createSoundInternal             : creating subsound 0/1
[LOG] SystemI::createSample                    : mode 02000202 length 149211 samples, lengthbytes 5856
[LOG] SystemI::createSample                    : channels = 2
[LOG] SystemI::createSample                    : output = 000000002B5853E8
[LOG] OutputSoftware::createSample             : lengthpcm 149211, lengthbytes 5856, channels 2, format 2, freq 48000, mode 0200020a
[LOG] SystemI::createSoundInternal             : No name found in file, use filename.
[LOG] SystemI::createSoundInternal             : done.  OpenState now = FMOD_OPENSTATE_READY.

[LOG] SystemI::createSoundInternal             : filename =  : mode 02000202
[LOG] SystemI::createSoundInternal             : exinfo->cbsize             = 232
[LOG] SystemI::createSoundInternal             : exinfo->length             = 140224
[LOG] SystemI::createSoundInternal             : exinfo->fileoffset         = 33312
[LOG] SystemI::createSoundInternal             : exinfo->numsubsounds       = 1
[LOG] SystemI::createSoundInternal             : exinfo->inclusionlist      = 000000004C61FAF8
[LOG] SystemI::createSoundInternal             : exinfo->inclusionlistnum   = 1
[LOG] SystemI::createSoundInternal             : exinfo->suggestedsoundtype = 5
[LOG] SystemI::createSoundInternal             : exinfo->useropen           = 00007FFD267D6AA0
[LOG] SystemI::createSoundInternal             : exinfo->userclose          = 00007FFD267D6A70
[LOG] SystemI::createSoundInternal             : exinfo->userread           = 00007FFD267D6B70
[LOG] SystemI::createSoundInternal             : exinfo->userseek           = 00007FFD267D6C20
[LOG] SystemI::createSoundInternal             : exinfo->fileuserdata       = 000000000D9A5C88
[LOG] SystemI::createSoundInternal             : exinfo->initialseekpostype = 1
[LOG] SystemI::DSPCodecPoolRegister            : register codec pool for pool type 5
[LOG] SystemI::createSoundInternal             : Format has 1 subsounds.
[LOG] SystemI::createSoundInternal             : Create as FMOD_CREATESAMPLE
[LOG] SystemI::createSoundInternal             : Multi-sample sound (1 subsounds), create a sample container.
[LOG] SystemI::createSoundInternal             : creating subsound 0/1
[LOG] SystemI::createSample                    : mode 02000202 length 149211 samples, lengthbytes 21664
[LOG] SystemI::createSample                    : channels = 2
[LOG] SystemI::createSample                    : output = 000000002B5853E8
[LOG] OutputSoftware::createSample             : lengthpcm 149211, lengthbytes 21664, channels 2, format 2, freq 48000, mode 0200020a
[LOG] SystemI::createSoundInternal             : No name found in file, use filename.
[LOG] SystemI::createSoundInternal             : done.  OpenState now = FMOD_OPENSTATE_READY.

[LOG] SystemI::createSoundInternal             : filename =  : mode 02000202
[LOG] SystemI::createSoundInternal             : exinfo->cbsize             = 232
[LOG] SystemI::createSoundInternal             : exinfo->length             = 140224
[LOG] SystemI::createSoundInternal             : exinfo->fileoffset         = 33312
[LOG] SystemI::createSoundInternal             : exinfo->numsubsounds       = 1
[LOG] SystemI::createSoundInternal             : exinfo->inclusionlist      = 000000004C61FAF8
[LOG] SystemI::createSoundInternal             : exinfo->inclusionlistnum   = 1
[LOG] SystemI::createSoundInternal             : exinfo->suggestedsoundtype = 5
[LOG] SystemI::createSoundInternal             : exinfo->useropen           = 00007FFD267D6AA0
[LOG] SystemI::createSoundInternal             : exinfo->userclose          = 00007FFD267D6A70
[LOG] SystemI::createSoundInternal             : exinfo->userread           = 00007FFD267D6B70
[LOG] SystemI::createSoundInternal             : exinfo->userseek           = 00007FFD267D6C20
[LOG] SystemI::createSoundInternal             : exinfo->fileuserdata       = 000000000D9A5C88
[LOG] SystemI::createSoundInternal             : exinfo->initialseekpostype = 1
[LOG] SystemI::DSPCodecPoolRegister            : register codec pool for pool type 5
[LOG] SystemI::createSoundInternal             : Format has 1 subsounds.
[LOG] SystemI::createSoundInternal             : Create as FMOD_CREATESAMPLE
[LOG] SystemI::createSoundInternal             : Multi-sample sound (1 subsounds), create a sample container.
[LOG] SystemI::createSoundInternal             : creating subsound 0/1
[LOG] SystemI::createSample                    : mode 02000202 length 38870 samples, lengthbytes 2080
[LOG] SystemI::createSample                    : channels = 2
[LOG] SystemI::createSample                    : output = 000000002B5853E8
[LOG] OutputSoftware::createSample             : lengthpcm 38870, lengthbytes 2080, channels 2, format 2, freq 48000, mode 0200020a
[LOG] SystemI::createSoundInternal             : No name found in file, use filename.
[LOG] SystemI::createSoundInternal             : done.  OpenState now = FMOD_OPENSTATE_READY.

[LOG] SystemI::createSoundInternal             : filename =  : mode 02000202
[LOG] SystemI::createSoundInternal             : exinfo->cbsize             = 232
[LOG] SystemI::createSoundInternal             : exinfo->length             = 140224
[LOG] SystemI::createSoundInternal             : exinfo->fileoffset         = 33312
[LOG] SystemI::createSoundInternal             : exinfo->numsubsounds       = 1
[LOG] SystemI::createSoundInternal             : exinfo->inclusionlist      = 000000004C61FAF8
[LOG] SystemI::createSoundInternal             : exinfo->inclusionlistnum   = 1
[LOG] SystemI::createSoundInternal             : exinfo->suggestedsoundtype = 5
[LOG] SystemI::createSoundInternal             : exinfo->useropen           = 00007FFD267D6AA0
[LOG] SystemI::createSoundInternal             : exinfo->userclose          = 00007FFD267D6A70
[LOG] SystemI::createSoundInternal             : exinfo->userread           = 00007FFD267D6B70
[LOG] SystemI::createSoundInternal             : exinfo->userseek           = 00007FFD267D6C20
[LOG] SystemI::createSoundInternal             : exinfo->fileuserdata       = 000000000D9A5C88
[LOG] SystemI::createSoundInternal             : exinfo->initialseekpostype = 1
[LOG] SystemI::DSPCodecPoolRegister            : register codec pool for pool type 5
[LOG] SystemI::createSoundInternal             : Format has 1 subsounds.
[LOG] SystemI::createSoundInternal             : Create as FMOD_CREATESAMPLE
[LOG] SystemI::createSoundInternal             : Multi-sample sound (1 subsounds), create a sample container.
[LOG] SystemI::createSoundInternal             : creating subsound 0/1
[LOG] SystemI::createSample                    : mode 02000202 length 38870 samples, lengthbytes 1856
[LOG] SystemI::createSample                    : channels = 2
[LOG] SystemI::createSample                    : output = 000000002B5853E8
[LOG] OutputSoftware::createSample             : lengthpcm 38870, lengthbytes 1856, channels 2, format 2, freq 48000, mode 0200020a
[LOG] SystemI::createSoundInternal             : No name found in file, use filename.
[LOG] SystemI::createSoundInternal             : done.  OpenState now = FMOD_OPENSTATE_READY.

[LOG] SystemI::createSoundInternal             : filename =  : mode 02000202
[LOG] SystemI::createSoundInternal             : exinfo->cbsize             = 232
[LOG] SystemI::createSoundInternal             : exinfo->length             = 140224
[LOG] SystemI::createSoundInternal             : exinfo->fileoffset         = 33312
[LOG] SystemI::createSoundInternal             : exinfo->numsubsounds       = 1
[LOG] SystemI::createSoundInternal             : exinfo->inclusionlist      = 000000004C61FAF8
[LOG] SystemI::createSoundInternal             : exinfo->inclusionlistnum   = 1
[LOG] SystemI::createSoundInternal             : exinfo->suggestedsoundtype = 5
[LOG] SystemI::createSoundInternal             : exinfo->useropen           = 00007FFD267D6AA0
[LOG] SystemI::createSoundInternal             : exinfo->userclose          = 00007FFD267D6A70
[LOG] SystemI::createSoundInternal             : exinfo->userread           = 00007FFD267D6B70
[LOG] SystemI::createSoundInternal             : exinfo->userseek           = 00007FFD267D6C20
[LOG] SystemI::createSoundInternal             : exinfo->fileuserdata       = 000000000D9A5C88
[LOG] SystemI::createSoundInternal             : exinfo->initialseekpostype = 1
[LOG] SystemI::DSPCodecPoolRegister            : register codec pool for pool type 5
[LOG] SystemI::createSoundInternal             : Format has 1 subsounds.
[LOG] SystemI::createSoundInternal             : Create as FMOD_CREATESAMPLE
[LOG] SystemI::createSoundInternal             : Multi-sample sound (1 subsounds), create a sample container.
[LOG] SystemI::createSoundInternal             : creating subsound 0/1
[LOG] SystemI::createSample                    : mode 02000202 length 38870 samples, lengthbytes 2400
[LOG] SystemI::createSample                    : channels = 2
[LOG] SystemI::createSample                    : output = 000000002B5853E8
[LOG] OutputSoftware::createSample             : lengthpcm 38870, lengthbytes 2400, channels 2, format 2, freq 48000, mode 0200020a
[LOG] SystemI::createSoundInternal             : No name found in file, use filename.
[LOG] SystemI::createSoundInternal             : done.  OpenState now = FMOD_OPENSTATE_READY.

[LOG] SoundI::release                          :  (000000002DC83B78)
[LOG] SoundI::release                          : release subsounds. (000000002DC83B78)
[LOG] SoundI::release                          :     FS Gravel (000000002DC7E1E8)
[LOG] SoundI::release                          :     done
[LOG] SoundI::release                          : release codec. (000000002DC83B78)
[LOG] SoundI::release                          : done
[LOG] SoundI::release                          :  (0000000010E08A88)
[LOG] SoundI::release                          : release subsounds. (0000000010E08A88)
[LOG] SoundI::release                          :     FS Wood (000000002DC80F68)
[LOG] SoundI::release                          :     done
[LOG] SoundI::release                          : release codec. (0000000010E08A88)
[LOG] SoundI::release                          : done
[LOG] SoundI::release                          :  (000000002DC83E58)
[LOG] SoundI::release                          : release subsounds. (000000002DC83E58)
[LOG] SoundI::release                          :     FS Carpet (000000002DC7F708)
[LOG] SoundI::release                          :     done
[LOG] SoundI::release                          : release codec. (000000002DC83E58)
[LOG] SoundI::release                          : done
[LOG] SoundI::release                          :  (000000002DC83A08)
[LOG] SoundI::release                          : release subsounds. (000000002DC83A08)
[LOG] SoundI::release                          :     FS Concrete (000000002DC7F088)
[LOG] SoundI::release                          :     done
[LOG] SoundI::release                          : release codec. (000000002DC83A08)
[LOG] SoundI::release                          : done
[LOG] SoundI::release                          :  (0000000010E08D68)
[LOG] SoundI::release                          : release subsounds. (0000000010E08D68)
[LOG] SoundI::release                          :     D Normal Open (000000002DC7C988)
[LOG] SoundI::release                          :     done
[LOG] SoundI::release                          : release codec. (0000000010E08D68)
[LOG] SoundI::release                          : done
[LOG] SoundI::release                          :  (0000000010E08BF8)
[LOG] SoundI::release                          : release subsounds. (0000000010E08BF8)
[LOG] SoundI::release                          :     D Creak (000000002DC7D9C8)
[LOG] SoundI::release                          :     done
[LOG] SoundI::release                          : release codec. (0000000010E08BF8)
[LOG] SoundI::release                          : done
[LOG] SoundI::release                          :  (0000000010E08638)
[LOG] SoundI::release                          : release subsounds. (0000000010E08638)
[LOG] SoundI::release                          :     D Normal Shut (000000002DC800C8)
[LOG] SoundI::release                          :     done
[LOG] SoundI::release                          : release codec. (0000000010E08638)
[LOG] SoundI::release                          : done
[LOG] SoundI::release                          :  (000000002DC83FC8)
[LOG] SoundI::release                          : release subsounds. (000000002DC83FC8)
[LOG] SoundI::release                          :     D Large Open (000000002DC7C4A8)
[LOG] SoundI::release                          :     done
[LOG] SoundI::release                          : release codec. (000000002DC83FC8)
[LOG] SoundI::release                          : done
[LOG] SoundI::release                          :  (0000000010E084C8)
[LOG] SoundI::release                          : release subsounds. (0000000010E084C8)
[LOG] SoundI::release                          :     D Large Shut (000000002DC7CE68)
[LOG] SoundI::release                          :     done
[LOG] SoundI::release                          : release codec. (0000000010E084C8)
[LOG] SoundI::release                          : done
[LOG] Thread::callback                         : FMOD Studio update thread finished.
[LOG] Thread::callback                         : FMOD Studio bank load thread finished.
[LOG] Profile::disconnectAll                   : Profiler disconnecting all clients
[LOG] Thread::callback                         : FMOD Studio sample load thread finished.
[LOG] LiveUpdate::release                      : 
[LOG] LiveUpdate::reset                        : Reset connection (reason Disconnected)
[LOG] SystemI::close                           : 
[LOG] SystemI::close                           : Stop all sounds
[LOG] Thread::callback                         : FMOD stream thread finished.
[LOG] SystemI::close                           : Stream thread destroyed
[LOG] Thread::callback                         : FMOD mixer thread finished.
[LOG] SystemI::close                           : Free master channel group.
[LOG] SystemI::close                           : Remove 'master' sound group.
[LOG] SystemI::close                           : Free software output.
[LOG] SystemI::close                           : Free emulated output.
[LOG] SystemI::close                           : Free channel pool.
[LOG] SystemI::close                           : done.

